
-----
Test: tests/test_road_to_dream.py::test_road_to_dream (call)
Start time: 2022-10-02 16:43:08.562397
Start name method: go_to_headphones

End time: 2022-10-02 16:43:12.684029
End name method: go_to_headphones
URL: https://doctorhead.ru/catalog/personal-audio/naushniki/

-----

-----
Test: tests/test_road_to_dream.py::test_road_to_dream (call)
Start time: 2022-10-02 16:43:12.684303
Start name method: go_cart_with_beyerdynamic_amiron_wireles

End time: 2022-10-02 16:43:19.912383
End name method: go_cart_with_beyerdynamic_amiron_wireles
URL: https://doctorhead.ru/personal/cart/

-----

-----
Test: tests/test_road_to_dream.py::test_road_to_dream (call)
Start time: 2022-10-02 16:43:19.913046
Start name method: go_make_order

End time: 2022-10-02 16:43:22.468181
End name method: go_make_order
URL: https://doctorhead.ru/personal/order/make/

-----

-----
Test: tests/test_road_to_dream.py::test_road_to_dream (call)
Start time: 2022-10-02 16:43:22.468768
Start name method: input_info_orde

End time: 2022-10-02 16:43:26.185429
End name method: input_info_order
URL: https://doctorhead.ru/personal/order/make/

-----
