
-----
Test: tests/test_find_nautilus.py::test_find_nautilus (call)
Start time: 2022-10-02 13:27:49.977598
Start name method: go_to_vinyl

End time: 2022-10-02 13:27:53.049832
End name method: go_to_vinyl
URL: https://doctorhead.ru/catalog/muzyka/

-----

-----
Test: tests/test_find_nautilus.py::test_find_nautilus (call)
Start time: 2022-10-02 13:27:53.051116
Start name method: go_vinyl_record

End time: 2022-10-02 13:27:55.876516
End name method: go_vinyl_record
URL: https://doctorhead.ru/catalog/muzyka/vinilovye-plastinki/

-----

-----
Test: tests/test_find_nautilus.py::test_find_nautilus (call)
Start time: 2022-10-02 13:27:55.876753
Start name method: select_prince_of_silence


-----
Test: tests/test_road_to_dream.py::test_road_to_dream (call)
Start time: 2022-10-02 13:28:29.322773
Start name method: go_to_headphones

End time: 2022-10-02 13:28:34.064971
End name method: go_to_headphones
URL: https://doctorhead.ru/catalog/personal-audio/naushniki/

-----

-----
Test: tests/test_road_to_dream.py::test_road_to_dream (call)
Start time: 2022-10-02 13:28:34.065486
Start name method: go_cart_with_beyerdynamic_amiron_wireles

End time: 2022-10-02 13:28:39.558270
End name method: go_cart_with_beyerdynamic_amiron_wireles
URL: https://doctorhead.ru/personal/cart/

-----

-----
Test: tests/test_road_to_dream.py::test_road_to_dream (call)
Start time: 2022-10-02 13:28:39.558503
Start name method: go_make_order

End time: 2022-10-02 13:28:42.019594
End name method: go_make_order
URL: https://doctorhead.ru/personal/order/make/

-----

-----
Test: tests/test_road_to_dream.py::test_road_to_dream (call)
Start time: 2022-10-02 13:28:42.020277
Start name method: input_info_orde

End time: 2022-10-02 13:28:45.995220
End name method: input_info_order
URL: https://doctorhead.ru/personal/order/make/

-----
