
-----
Test: tests/test_road_to_dream.py::test_road_to_dream (call)
Start time: 2022-10-10 23:05:48.842700
Start name method: go_to_headphones

End time: 2022-10-10 23:05:53.580917
End name method: go_to_headphones
URL: https://doctorhead.ru/catalog/personal-audio/naushniki/

-----

-----
Test: tests/test_road_to_dream.py::test_road_to_dream (call)
Start time: 2022-10-10 23:05:53.581161
Start name method: go_cart_with_beyerdynamic_amiron_wireles

End time: 2022-10-10 23:05:59.591384
End name method: go_cart_with_beyerdynamic_amiron_wireles
URL: https://doctorhead.ru/personal/cart/

-----

-----
Test: tests/test_road_to_dream.py::test_road_to_dream (call)
Start time: 2022-10-10 23:05:59.591667
Start name method: go_make_order

End time: 2022-10-10 23:06:02.342336
End name method: go_make_order
URL: https://doctorhead.ru/personal/order/make/

-----

-----
Test: tests/test_road_to_dream.py::test_road_to_dream (call)
Start time: 2022-10-10 23:06:02.342557
Start name method: input_info_orde

End time: 2022-10-10 23:06:05.828620
End name method: input_info_order
URL: https://doctorhead.ru/personal/order/make/

-----
